<?xml version="1.0" encoding="UTF-8"?>
<!-- Generated by org.testng.reporters.JUnitReportReporter -->
<testsuite skipped="0" hostname="radmin-pc" name="com.seleniumWebdriver.SeleniumRunner" tests="1" failures="0" timestamp="29 Sep 2020 07:10:13 GMT" time="37.511" errors="0">
  <testcase name="Test" time="37.511" classname="com.seleniumWebdriver.SeleniumRunner"/>
</testsuite> <!-- com.seleniumWebdriver.SeleniumRunner -->
