<?xml version="1.0" encoding="UTF-8"?>
<!-- Generated by org.testng.reporters.JUnitReportReporter -->
<testsuite skipped="0" hostname="radmin-pc" name="com.seleniumWebdriver.SeleniumRunner" tests="2" failures="0" timestamp="28 Sep 2020 06:13:43 GMT" time="89.172" errors="0">
  <testcase name="Test" time="44.105" classname="com.seleniumWebdriver.SeleniumRunner"/>
  <testcase name="Test" time="45.067" classname="com.seleniumWebdriver.SeleniumRunner"/>
</testsuite> <!-- com.seleniumWebdriver.SeleniumRunner -->
