<?xml version="1.0" encoding="UTF-8"?>
<!-- Generated by org.testng.reporters.JUnitReportReporter -->
<testsuite skipped="0" hostname="apeksha-pc" name="com.pCloudy.testNG.Runner" tests="2" failures="0" timestamp="31 Jul 2018 13:01:18 GMT" time="299.936" errors="0">
  <testcase name="Test" time="88.945" classname="com.pCloudy.testNG.Runner"/>
  <testcase name="Test" time="210.991" classname="com.pCloudy.testNG.Runner"/>
</testsuite> <!-- com.pCloudy.testNG.Runner -->
