<?xml version="1.0" encoding="UTF-8"?>
<!-- Generated by org.testng.reporters.JUnitReportReporter -->
<testsuite skipped="0" hostname="apeksha-pc" name="com.pCloudy.testNG.Runner" tests="1" failures="0" timestamp="31 Jul 2018 12:04:35 GMT" time="94.026" errors="0">
  <testcase name="Test1" time="94.026" classname="com.pCloudy.testNG.Runner"/>
</testsuite> <!-- com.pCloudy.testNG.Runner -->
