<?xml version="1.0" encoding="UTF-8"?>
<!-- Generated by org.testng.reporters.JUnitReportReporter -->
<testsuite skipped="0" hostname="apeksha-pc" name="com.pCloudy.testNG.Runner" tests="2" failures="0" timestamp="31 Jul 2018 12:48:21 GMT" time="136.033" errors="0">
  <testcase name="Test" time="70.728" classname="com.pCloudy.testNG.Runner"/>
  <testcase name="Test" time="65.305" classname="com.pCloudy.testNG.Runner"/>
</testsuite> <!-- com.pCloudy.testNG.Runner -->
