<?xml version="1.0" encoding="UTF-8"?>
<!-- Generated by org.testng.reporters.JUnitReportReporter -->
<testsuite skipped="0" hostname="apeksha-pc" name="com.pCloudy.testNG.Runner" tests="1" failures="0" timestamp="31 Jul 2018 12:23:03 GMT" time="90.795" errors="0">
  <testcase name="Test" time="90.795" classname="com.pCloudy.testNG.Runner"/>
</testsuite> <!-- com.pCloudy.testNG.Runner -->
